<?xml version="1.0" encoding="UTF-8"?>
<testng-results ignored="0" total="1" passed="1" failed="0" skipped="0">
  <reporter-output>
  </reporter-output>
  <suite started-at="2023-02-06T06:41:18Z" name="Default suite" finished-at="2023-02-06T06:41:18Z" duration-ms="195">
    <groups>
    </groups>
    <test started-at="2023-02-06T06:41:18Z" name="Default test" finished-at="2023-02-06T06:41:18Z" duration-ms="195">
      <class name="DemoGit.demogit">
        <test-method signature="tsetup()[pri:0, instance:DemoGit.demogit@c260bdc]" started-at="2023-02-06T06:41:18Z" name="tsetup" finished-at="2023-02-06T06:41:18Z" duration-ms="97" status="PASS">
          <reporter-output>
          </reporter-output>
        </test-method> <!-- tsetup -->
      </class> <!-- DemoGit.demogit -->
    </test> <!-- Default test -->
  </suite> <!-- Default suite -->
</testng-results>
