<?xml version="1.0" encoding="UTF-8"?>
<testng-results ignored="0" total="1" passed="1" failed="0" skipped="0">
  <reporter-output>
  </reporter-output>
  <suite started-at="2022-12-22T05:51:38Z" name="Default suite" finished-at="2022-12-22T05:51:40Z" duration-ms="2283">
    <groups>
    </groups>
    <test started-at="2022-12-22T05:51:38Z" name="Default test" finished-at="2022-12-22T05:51:40Z" duration-ms="2283">
      <class name="OutletTest.ReviewDownload">
        <test-method signature="Review_Download()[pri:1, instance:OutletTest.ReviewDownload@6f63b475]" started-at="2022-12-22T05:51:38Z" name="Review_Download" finished-at="2022-12-22T05:51:40Z" duration-ms="2267" status="PASS">
          <reporter-output>
          </reporter-output>
        </test-method> <!-- Review_Download -->
        <test-method is-config="true" signature="Aftercases()[pri:0, instance:OutletTest.ReviewDownload@6f63b475]" started-at="2022-12-22T05:51:40Z" name="Aftercases" finished-at="2022-12-22T05:51:40Z" duration-ms="0" status="PASS">
          <reporter-output>
          </reporter-output>
        </test-method> <!-- Aftercases -->
      </class> <!-- OutletTest.ReviewDownload -->
    </test> <!-- Default test -->
  </suite> <!-- Default suite -->
</testng-results>
