<?xml version="1.0" encoding="UTF-8"?>
<testng-results ignored="0" total="1" passed="1" failed="0" skipped="0">
  <reporter-output>
  </reporter-output>
  <suite started-at="2023-02-06T06:55:47Z" name="Suite" finished-at="2023-02-06T06:55:47Z" duration-ms="181">
    <groups>
    </groups>
    <test started-at="2023-02-06T06:55:47Z" name="Test" finished-at="2023-02-06T06:55:47Z" duration-ms="181">
      <class name="DemoGit.demogit">
        <test-method signature="tsetup()[pri:0, instance:DemoGit.demogit@3eeb318f]" started-at="2023-02-06T06:55:47Z" name="tsetup" finished-at="2023-02-06T06:55:47Z" duration-ms="86" status="PASS">
          <reporter-output>
          </reporter-output>
        </test-method> <!-- tsetup -->
      </class> <!-- DemoGit.demogit -->
    </test> <!-- Test -->
  </suite> <!-- Suite -->
</testng-results>
