<?xml version="1.0" encoding="UTF-8"?>
<testng-results ignored="0" total="1" passed="1" failed="0" skipped="0">
  <reporter-output>
  </reporter-output>
  <suite started-at="2023-02-06T06:46:28Z" name="Default suite" finished-at="2023-02-06T06:46:29Z" duration-ms="1535">
    <groups>
    </groups>
    <test started-at="2023-02-06T06:46:28Z" name="Default test" finished-at="2023-02-06T06:46:29Z" duration-ms="1535">
      <class name="repository.RestDemo">
        <test-method signature="get_request()[pri:0, instance:repository.RestDemo@600b9d27]" started-at="2023-02-06T06:46:28Z" name="get_request" finished-at="2023-02-06T06:46:29Z" duration-ms="1518" status="PASS">
          <reporter-output>
          </reporter-output>
        </test-method> <!-- get_request -->
      </class> <!-- repository.RestDemo -->
    </test> <!-- Default test -->
  </suite> <!-- Default suite -->
</testng-results>
