<?xml version="1.0" encoding="UTF-8"?>
<testng-results ignored="0" total="1" passed="1" failed="0" skipped="0">
  <reporter-output>
  </reporter-output>
  <suite started-at="2023-02-06T06:47:10Z" name="Suite" finished-at="2023-02-06T06:47:13Z" duration-ms="2294">
    <groups>
    </groups>
    <test started-at="2023-02-06T06:47:10Z" name="Test" finished-at="2023-02-06T06:47:13Z" duration-ms="2294">
      <class name="testfolder.RestDemo">
        <test-method signature="get_request()[pri:0, instance:testfolder.RestDemo@6cdba6dc]" started-at="2023-02-06T06:47:10Z" name="get_request" finished-at="2023-02-06T06:47:13Z" duration-ms="2265" status="PASS">
          <reporter-output>
          </reporter-output>
        </test-method> <!-- get_request -->
      </class> <!-- testfolder.RestDemo -->
    </test> <!-- Test -->
  </suite> <!-- Suite -->
</testng-results>
