<?xml version="1.0" encoding="UTF-8"?>
<testsuite xmlns:xsi="http://www.w3.org/2001/XMLSchema-instance" xsi:noNamespaceSchemaLocation="https://maven.apache.org/surefire/maven-surefire-plugin/xsd/surefire-test-report-3.0.xsd" version="3.0" name="TestSuite" time="10.184" tests="1" errors="0" skipped="0" failures="0">
  <properties>
[...]
</properties>
  <testcase name="get_request" classname="testfolder.RestDemo" time="5.228">
    <system-out><![CDATA[[TestNGContentHandler] [WARN] It is strongly recommended to add "<!DOCTYPE suite SYSTEM "http://testng.org/testng-1.0.dtd" >" at the top of your file, otherwise TestNG may fail or not work as expected.
HTTP/1.1 200 OK
access-control-allow-origin: *
x-frame-options: SAMEORIGIN
x-xss-protection: 1; mode=block
x-content-type-options: nosniff
referrer-policy: strict-origin-when-cross-origin
content-type: application/json; charset=utf-8
date: Sun, 04 Sep 2022 11:54:43 GMT
x-envoy-upstream-service-time: 2
strict-transport-security: max-age=2592000; includeSubDomains
vary: Accept-Encoding
content-encoding: gzip
Via: 1.1 google
Alt-Svc: h3=":443"; ma=2592000,h3-29=":443"; ma=2592000
Transfer-Encoding: chunked

{
    "ip": "216.244.66.202",
    "city": "Seattle",
    "region": "Washington",
    "country": "US",
    "loc": "47.6062,-122.3321",
    "org": "AS23033 Wowrack.com",
    "postal": "98101",
    "timezone": "America/Los_Angeles"
}
]]></system-out>
  </testcase>
</testsuite>