<?xml version="1.0" encoding="UTF-8"?>
<testng-results ignored="0" total="1" passed="1" failed="0" skipped="0">
  <reporter-output>
  </reporter-output>
  <suite started-at="2023-02-06T06:55:44Z" name="Suite" finished-at="2023-02-06T06:55:47Z" duration-ms="2525">
    <groups>
    </groups>
    <test started-at="2023-02-06T06:55:44Z" name="Test" finished-at="2023-02-06T06:55:47Z" duration-ms="2525">
      <class name="testfolder.RestDemo">
        <test-method signature="get_request()[pri:0, instance:testfolder.RestDemo@6cdba6dc]" started-at="2023-02-06T06:55:44Z" name="get_request" finished-at="2023-02-06T06:55:47Z" duration-ms="2485" status="PASS">
          <reporter-output>
          </reporter-output>
        </test-method> <!-- get_request -->
      </class> <!-- testfolder.RestDemo -->
    </test> <!-- Test -->
  </suite> <!-- Suite -->
</testng-results>
